
> admin@0.1.0 build G:\safegrow-app\apps\admin
> next build

▲ Next.js 16.2.9 (Turbopack)
- Environments: .env

⚠ The "middleware" file convention is deprecated. Please use "proxy" instead. Learn more: https://nextjs.org/docs/messages/middleware-to-proxy
  Creating an optimized production build ...
✓ Compiled successfully in 3.9s
  Running TypeScript ...
  Finished TypeScript in 5.6s ...
  Collecting page data using 11 workers ...
[DB PACKAGE] DATABASE_URL IS: DEFINED
[DB PACKAGE] DATABASE_URL IS: DEFINED
[DB PACKAGE] DATABASE_URL IS: DEFINED
[DB PACKAGE] DATABASE_URL IS: DEFINED
[DB PACKAGE] DATABASE_URL IS: DEFINED
[DB PACKAGE] DATABASE_URL IS: DEFINED
[DB PACKAGE] DATABASE_URL IS: DEFINED
[DB PACKAGE] DATABASE_URL IS: DEFINED
[DB PACKAGE] DATABASE_URL IS: DEFINED
[DB PACKAGE] DATABASE_URL IS: DEFINED
[DB PACKAGE] DATABASE_URL IS: DEFINED
[DB PACKAGE] DATABASE_URL IS: DEFINED
  Generating static pages using 11 workers (0/18) ...
  Generating static pages using 11 workers (4/18) 
[DB PACKAGE] DATABASE_URL IS: DEFINED
  Generating static pages using 11 workers (8/18) 
  Generating static pages using 11 workers (13/18) 
✓ Generating static pages using 11 workers (18/18) in 1001ms
  Finalizing page optimization ...

Route (app)
┌ ○ /
├ ○ /_not-found
├ ○ /alerts
├ ƒ /api/auth/login
├ ƒ /api/v1/admin/employees
├ ƒ /api/v1/attendance/check-in
├ ƒ /api/v1/attendance/check-out
├ ƒ /api/v1/auth/login
├ ƒ /api/v1/auth/refresh
├ ƒ /api/v1/tracking/batch
├ ƒ /api/v1/visits
├ ƒ /api/v1/visits/history
├ ○ /employees
├ ƒ /employees/[id]
├ ƒ /employees/[id]/edit
├ ○ /employees/new
├ ○ /login
└ ƒ /settings


ƒ Proxy (Middleware)

○  (Static)   prerendered as static content
ƒ  (Dynamic)  server-rendered on demand

